<?xml version="1.0" encoding="UTF-8"?>
<!-- Generated by org.testng.reporters.JUnitXMLReporter -->
<testsuite ignored="0" hostname="MLI01273" failures="0" tests="3" name="Car Name and Price Test" time="56.536" errors="0" timestamp="02 Mar 2023 08:03:15 GMT">
  <testcase classname="testcases.CarNameAndPriceTest" name="carNameAndPrice" time="25.494"/>
  <testcase classname="testcases.CarNameAndPriceTest" name="carNameAndPrice" time="4.922"/>
  <testcase classname="testcases.CarNameAndPriceTest" name="carNameAndPrice" time="25.358"/>
</testsuite> <!-- Car Name and Price Test -->
