<?xml version="1.0" encoding="UTF-8"?>
<testng-results ignored="0" total="6" passed="6" failed="0" skipped="0">
  <reporter-output>
  </reporter-output>
  <suite started-at="2023-03-02T08:01:58Z" name="Suite" finished-at="2023-03-02T08:03:15Z" duration-ms="77155">
    <groups>
    </groups>
    <test started-at="2023-03-02T08:01:58Z" name="Find New Car Test" finished-at="2023-03-02T08:02:18Z" duration-ms="20256">
      <class name="testcases.FindNewCarTest">
        <test-method signature="findNewCar(java.lang.String, java.lang.String, java.lang.String, java.lang.String)[pri:0, instance:testcases.FindNewCarTest@54107f42]" started-at="2023-03-02T08:01:58Z" name="findNewCar" data-provider="dp1" finished-at="2023-03-02T08:02:06Z" duration-ms="7677" status="PASS">
          <params>
            <param index="0">
              <value>
                <![CDATA[chrome]]>
              </value>
            </param>
            <param index="1">
              <value>
                <![CDATA[Hyundai]]>
              </value>
            </param>
            <param index="2">
              <value>
                <![CDATA[Hyundai Cars]]>
              </value>
            </param>
            <param index="3">
              <value>
                <![CDATA[Y]]>
              </value>
            </param>
          </params>
          <reporter-output>
          </reporter-output>
        </test-method> <!-- findNewCar -->
        <test-method is-config="true" signature="tearDown()[pri:0, instance:testcases.FindNewCarTest@54107f42]" started-at="2023-03-02T08:02:06Z" name="tearDown" finished-at="2023-03-02T08:02:06Z" duration-ms="459" status="PASS">
          <reporter-output>
          </reporter-output>
        </test-method> <!-- tearDown -->
        <test-method signature="findNewCar(java.lang.String, java.lang.String, java.lang.String, java.lang.String)[pri:0, instance:testcases.FindNewCarTest@54107f42]" started-at="2023-03-02T08:02:06Z" name="findNewCar" data-provider="dp1" finished-at="2023-03-02T08:02:13Z" duration-ms="6784" status="PASS">
          <params>
            <param index="0">
              <value>
                <![CDATA[chrome]]>
              </value>
            </param>
            <param index="1">
              <value>
                <![CDATA[BMW]]>
              </value>
            </param>
            <param index="2">
              <value>
                <![CDATA[BMW Cars]]>
              </value>
            </param>
            <param index="3">
              <value>
                <![CDATA[Y]]>
              </value>
            </param>
          </params>
          <reporter-output>
          </reporter-output>
        </test-method> <!-- findNewCar -->
        <test-method is-config="true" signature="tearDown()[pri:0, instance:testcases.FindNewCarTest@54107f42]" started-at="2023-03-02T08:02:13Z" name="tearDown" finished-at="2023-03-02T08:02:13Z" duration-ms="269" status="PASS">
          <reporter-output>
          </reporter-output>
        </test-method> <!-- tearDown -->
        <test-method signature="findNewCar(java.lang.String, java.lang.String, java.lang.String, java.lang.String)[pri:0, instance:testcases.FindNewCarTest@54107f42]" started-at="2023-03-02T08:02:13Z" name="findNewCar" data-provider="dp1" finished-at="2023-03-02T08:02:18Z" duration-ms="4695" status="PASS">
          <params>
            <param index="0">
              <value>
                <![CDATA[chrome]]>
              </value>
            </param>
            <param index="1">
              <value>
                <![CDATA[Toyota]]>
              </value>
            </param>
            <param index="2">
              <value>
                <![CDATA[Toyota Cars]]>
              </value>
            </param>
            <param index="3">
              <value>
                <![CDATA[Y]]>
              </value>
            </param>
          </params>
          <reporter-output>
          </reporter-output>
        </test-method> <!-- findNewCar -->
        <test-method is-config="true" signature="tearDown()[pri:0, instance:testcases.FindNewCarTest@54107f42]" started-at="2023-03-02T08:02:18Z" name="tearDown" finished-at="2023-03-02T08:02:18Z" duration-ms="279" status="PASS">
          <reporter-output>
          </reporter-output>
        </test-method> <!-- tearDown -->
      </class> <!-- testcases.FindNewCarTest -->
    </test> <!-- Find New Car Test -->
    <test started-at="2023-03-02T08:02:19Z" name="Car Name and Price Test" finished-at="2023-03-02T08:03:15Z" duration-ms="56536">
      <class name="testcases.CarNameAndPriceTest">
        <test-method signature="carNameAndPrice(java.lang.String, java.lang.String, java.lang.String, java.lang.String)[pri:0, instance:testcases.CarNameAndPriceTest@67ef029]" started-at="2023-03-02T08:02:19Z" name="carNameAndPrice" data-provider="dp1" finished-at="2023-03-02T08:02:44Z" duration-ms="25494" status="PASS">
          <params>
            <param index="0">
              <value>
                <![CDATA[chrome]]>
              </value>
            </param>
            <param index="1">
              <value>
                <![CDATA[Hyundai]]>
              </value>
            </param>
            <param index="2">
              <value>
                <![CDATA[Hyundai Cars]]>
              </value>
            </param>
            <param index="3">
              <value>
                <![CDATA[Y]]>
              </value>
            </param>
          </params>
          <reporter-output>
          </reporter-output>
        </test-method> <!-- carNameAndPrice -->
        <test-method is-config="true" signature="tearDown()[pri:0, instance:testcases.CarNameAndPriceTest@67ef029]" started-at="2023-03-02T08:02:44Z" name="tearDown" finished-at="2023-03-02T08:02:44Z" duration-ms="221" status="PASS">
          <reporter-output>
          </reporter-output>
        </test-method> <!-- tearDown -->
        <test-method signature="carNameAndPrice(java.lang.String, java.lang.String, java.lang.String, java.lang.String)[pri:0, instance:testcases.CarNameAndPriceTest@67ef029]" started-at="2023-03-02T08:02:44Z" name="carNameAndPrice" data-provider="dp1" finished-at="2023-03-02T08:02:49Z" duration-ms="4922" status="PASS">
          <params>
            <param index="0">
              <value>
                <![CDATA[chrome]]>
              </value>
            </param>
            <param index="1">
              <value>
                <![CDATA[BMW]]>
              </value>
            </param>
            <param index="2">
              <value>
                <![CDATA[BMW Cars]]>
              </value>
            </param>
            <param index="3">
              <value>
                <![CDATA[Y]]>
              </value>
            </param>
          </params>
          <reporter-output>
          </reporter-output>
        </test-method> <!-- carNameAndPrice -->
        <test-method is-config="true" signature="tearDown()[pri:0, instance:testcases.CarNameAndPriceTest@67ef029]" started-at="2023-03-02T08:02:49Z" name="tearDown" finished-at="2023-03-02T08:02:49Z" duration-ms="219" status="PASS">
          <reporter-output>
          </reporter-output>
        </test-method> <!-- tearDown -->
        <test-method signature="carNameAndPrice(java.lang.String, java.lang.String, java.lang.String, java.lang.String)[pri:0, instance:testcases.CarNameAndPriceTest@67ef029]" started-at="2023-03-02T08:02:49Z" name="carNameAndPrice" data-provider="dp1" finished-at="2023-03-02T08:03:15Z" duration-ms="25358" status="PASS">
          <params>
            <param index="0">
              <value>
                <![CDATA[chrome]]>
              </value>
            </param>
            <param index="1">
              <value>
                <![CDATA[Toyota]]>
              </value>
            </param>
            <param index="2">
              <value>
                <![CDATA[Toyota Cars]]>
              </value>
            </param>
            <param index="3">
              <value>
                <![CDATA[Y]]>
              </value>
            </param>
          </params>
          <reporter-output>
          </reporter-output>
        </test-method> <!-- carNameAndPrice -->
        <test-method is-config="true" signature="tearDown()[pri:0, instance:testcases.CarNameAndPriceTest@67ef029]" started-at="2023-03-02T08:03:15Z" name="tearDown" finished-at="2023-03-02T08:03:15Z" duration-ms="279" status="PASS">
          <reporter-output>
          </reporter-output>
        </test-method> <!-- tearDown -->
      </class> <!-- testcases.CarNameAndPriceTest -->
    </test> <!-- Car Name and Price Test -->
  </suite> <!-- Suite -->
</testng-results>
